# JRE version: Java(TM) SE Runtime Environment (17.0.6+9) (build 17.0.6+9-LTS-190)
# Java VM: Java HotSpot(TM) 64-Bit Server VM (17.0.6+9-LTS-190, mixed mode, sharing, tiered, compressed oops, compressed class ptrs, g1 gc, windows-amd64)
GC Precious Log:
 CPUs: 16 total, 16 available
 Memory: 16085M
 Large Page Support: Disabled
 NUMA Support: Disabled
 Compressed Oops: Enabled (Zero based)
 Heap Region Size: 2M
 Heap Min Capacity: 8M
 Heap Initial Capacity: 252M
 Heap Max Capacity: 4022M
 Pre-touch: Disabled
 Parallel Workers: 13
 Concurrent Workers: 3
 Concurrent Refinement Workers: 13
 Periodic GC: Disabled
Heap:
 garbage-first heap   total 405504K, used 159973K [0x0000000704a00000, 0x0000000800000000)
  region size 2048K, 4 young (8192K), 1 survivors (2048K)
 Metaspace       used 18586K, committed 18816K, reserved 1073152K
  class space    used 1443K, committed 1536K, reserved 1048576K
GC Heap History (20 events):
Event: 14.591 GC heap before
{Heap before GC invocations=20 (full 0):
 garbage-first heap   total 405504K, used 180428K [0x0000000704a00000, 0x0000000800000000)
  region size 2048K, 2 young (4096K), 1 survivors (2048K)
 Metaspace       used 18508K, committed 18752K, reserved 1073152K
  class space    used 1439K, committed 1536K, reserved 1048576K
}
Event: 14.592 GC heap after
{Heap after GC invocations=21 (full 0):
 garbage-first heap   total 405504K, used 143563K [0x0000000704a00000, 0x0000000800000000)
  region size 2048K, 1 young (2048K), 1 survivors (2048K)
 Metaspace       used 18508K, committed 18752K, reserved 1073152K
  class space    used 1439K, committed 1536K, reserved 1048576K
}
Event: 14.692 GC heap before
{Heap before GC invocations=21 (full 0):
 garbage-first heap   total 405504K, used 180427K [0x0000000704a00000, 0x0000000800000000)
  region size 2048K, 2 young (4096K), 1 survivors (2048K)
 Metaspace       used 18508K, committed 18752K, reserved 1073152K
  class space    used 1439K, committed 1536K, reserved 1048576K
}
Event: 14.692 GC heap after
{Heap after GC invocations=22 (full 0):
 garbage-first heap   total 405504K, used 118994K [0x0000000704a00000, 0x0000000800000000)
  region size 2048K, 1 young (2048K), 1 survivors (2048K)
 Metaspace       used 18508K, committed 18752K, reserved 1073152K
  class space    used 1439K, committed 1536K, reserved 1048576K
}
Event: 14.857 GC heap before
{Heap before GC invocations=22 (full 0):
 garbage-first heap   total 405504K, used 180434K [0x0000000704a00000, 0x0000000800000000)
  region size 2048K, 2 young (4096K), 1 survivors (2048K)
 Metaspace       used 18510K, committed 18752K, reserved 1073152K
  class space    used 1439K, committed 1536K, reserved 1048576K
}
Event: 14.858 GC heap after
{Heap after GC invocations=23 (full 0):
 garbage-first heap   total 405504K, used 143572K [0x0000000704a00000, 0x0000000800000000)
  region size 2048K, 1 young (2048K), 1 survivors (2048K)
 Metaspace       used 18510K, committed 18752K, reserved 1073152K
  class space    used 1439K, committed 1536K, reserved 1048576K
}
Event: 14.957 GC heap before
{Heap before GC invocations=23 (full 0):
 garbage-first heap   total 405504K, used 180436K [0x0000000704a00000, 0x0000000800000000)
  region size 2048K, 2 young (4096K), 1 survivors (2048K)
 Metaspace       used 18510K, committed 18752K, reserved 1073152K
  class space    used 1439K, committed 1536K, reserved 1048576K
}
Event: 14.959 GC heap after
{Heap after GC invocations=24 (full 0):
 garbage-first heap   total 405504K, used 118997K [0x0000000704a00000, 0x0000000800000000)
  region size 2048K, 1 young (2048K), 1 survivors (2048K)
 Metaspace       used 18510K, committed 18752K, reserved 1073152K
  class space    used 1439K, committed 1536K, reserved 1048576K
}
Event: 15.122 GC heap before
{Heap before GC invocations=24 (full 0):
 garbage-first heap   total 405504K, used 180437K [0x0000000704a00000, 0x0000000800000000)
  region size 2048K, 2 young (4096K), 1 survivors (2048K)
 Metaspace       used 18511K, committed 18752K, reserved 1073152K
  class space    used 1439K, committed 1536K, reserved 1048576K
}
Event: 15.123 GC heap after
{Heap after GC invocations=25 (full 0):
 garbage-first heap   total 405504K, used 143577K [0x0000000704a00000, 0x0000000800000000)
  region size 2048K, 1 young (2048K), 1 survivors (2048K)
 Metaspace       used 18511K, committed 18752K, reserved 1073152K
  class space    used 1439K, committed 1536K, reserved 1048576K
}
Event: 15.222 GC heap before
{Heap before GC invocations=25 (full 0):
 garbage-first heap   total 405504K, used 180441K [0x0000000704a00000, 0x0000000800000000)
  region size 2048K, 2 young (4096K), 1 survivors (2048K)
 Metaspace       used 18512K, committed 18752K, reserved 1073152K
  class space    used 1439K, committed 1536K, reserved 1048576K
}
Event: 15.223 GC heap after
{Heap after GC invocations=26 (full 0):
 garbage-first heap   total 405504K, used 119010K [0x0000000704a00000, 0x0000000800000000)
  region size 2048K, 1 young (2048K), 1 survivors (2048K)
 Metaspace       used 18512K, committed 18752K, reserved 1073152K
  class space    used 1439K, committed 1536K, reserved 1048576K
}
Event: 15.390 GC heap before
{Heap before GC invocations=26 (full 0):
 garbage-first heap   total 405504K, used 180450K [0x0000000704a00000, 0x0000000800000000)
  region size 2048K, 2 young (4096K), 1 survivors (2048K)
 Metaspace       used 18521K, committed 18752K, reserved 1073152K
  class space    used 1439K, committed 1536K, reserved 1048576K
}
Event: 15.391 GC heap after
{Heap after GC invocations=27 (full 0):
 garbage-first heap   total 405504K, used 143587K [0x0000000704a00000, 0x0000000800000000)
  region size 2048K, 1 young (2048K), 1 survivors (2048K)
 Metaspace       used 18521K, committed 18752K, reserved 1073152K
  class space    used 1439K, committed 1536K, reserved 1048576K
}
Event: 15.490 GC heap before
{Heap before GC invocations=27 (full 0):
 garbage-first heap   total 405504K, used 180451K [0x0000000704a00000, 0x0000000800000000)
  region size 2048K, 2 young (4096K), 1 survivors (2048K)
 Metaspace       used 18541K, committed 18752K, reserved 1073152K
  class space    used 1439K, committed 1536K, reserved 1048576K
}
Event: 15.490 GC heap after
{Heap after GC invocations=28 (full 0):
 garbage-first heap   total 405504K, used 119006K [0x0000000704a00000, 0x0000000800000000)
  region size 2048K, 1 young (2048K), 1 survivors (2048K)
 Metaspace       used 18541K, committed 18752K, reserved 1073152K
  class space    used 1439K, committed 1536K, reserved 1048576K
}
Event: 15.657 GC heap before
{Heap before GC invocations=28 (full 0):
 garbage-first heap   total 405504K, used 180446K [0x0000000704a00000, 0x0000000800000000)
  region size 2048K, 2 young (4096K), 1 survivors (2048K)
 Metaspace       used 18541K, committed 18752K, reserved 1073152K
  class space    used 1439K, committed 1536K, reserved 1048576K
}
Event: 15.657 GC heap after
{Heap after GC invocations=29 (full 0):
 garbage-first heap   total 405504K, used 143585K [0x0000000704a00000, 0x0000000800000000)
  region size 2048K, 1 young (2048K), 1 survivors (2048K)
 Metaspace       used 18541K, committed 18752K, reserved 1073152K
  class space    used 1439K, committed 1536K, reserved 1048576K
}
Event: 15.757 GC heap before
{Heap before GC invocations=29 (full 0):
 garbage-first heap   total 405504K, used 180449K [0x0000000704a00000, 0x0000000800000000)
  region size 2048K, 2 young (4096K), 1 survivors (2048K)
 Metaspace       used 18542K, committed 18752K, reserved 1073152K
  class space    used 1439K, committed 1536K, reserved 1048576K
}
Event: 15.758 GC heap after
{Heap after GC invocations=30 (full 0):
 garbage-first heap   total 405504K, used 119013K [0x0000000704a00000, 0x0000000800000000)
  region size 2048K, 1 young (2048K), 1 survivors (2048K)
 Metaspace       used 18542K, committed 18752K, reserved 1073152K
  class space    used 1439K, committed 1536K, reserved 1048576K
}

