# JRE version: Java(TM) SE Runtime Environment (17.0.6+9) (build 17.0.6+9-LTS-190)
# Java VM: Java HotSpot(TM) 64-Bit Server VM (17.0.6+9-LTS-190, mixed mode, sharing, tiered, compressed oops, compressed class ptrs, g1 gc, windows-amd64)
GC Precious Log:
 CPUs: 16 total, 16 available
 Memory: 16085M
 Large Page Support: Disabled
 NUMA Support: Disabled
 Compressed Oops: Enabled (Zero based)
 Heap Region Size: 2M
 Heap Min Capacity: 8M
 Heap Initial Capacity: 252M
 Heap Max Capacity: 4022M
 Pre-touch: Disabled
 Parallel Workers: 13
 Concurrent Workers: 3
 Concurrent Refinement Workers: 13
 Periodic GC: Disabled
Heap:
 garbage-first heap   total 462848K, used 196020K [0x0000000704a00000, 0x0000000800000000)
  region size 2048K, 6 young (12288K), 1 survivors (2048K)
 Metaspace       used 19824K, committed 20096K, reserved 1073152K
  class space    used 1478K, committed 1600K, reserved 1048576K
GC Heap History (20 events):
Event: 27.288 GC heap before
{Heap before GC invocations=99 (full 0):
 garbage-first heap   total 462848K, used 209202K [0x0000000704a00000, 0x0000000800000000)
  region size 2048K, 4 young (8192K), 1 survivors (2048K)
 Metaspace       used 19766K, committed 20032K, reserved 1073152K
  class space    used 1474K, committed 1600K, reserved 1048576K
}
Event: 27.289 GC heap after
{Heap after GC invocations=100 (full 0):
 garbage-first heap   total 462848K, used 143668K [0x0000000704a00000, 0x0000000800000000)
  region size 2048K, 1 young (2048K), 1 survivors (2048K)
 Metaspace       used 19766K, committed 20032K, reserved 1073152K
  class space    used 1474K, committed 1600K, reserved 1048576K
}
Event: 27.454 GC heap before
{Heap before GC invocations=100 (full 0):
 garbage-first heap   total 462848K, used 209204K [0x0000000704a00000, 0x0000000800000000)
  region size 2048K, 4 young (8192K), 1 survivors (2048K)
 Metaspace       used 19766K, committed 20032K, reserved 1073152K
  class space    used 1474K, committed 1600K, reserved 1048576K
}
Event: 27.455 GC heap after
{Heap after GC invocations=101 (full 0):
 garbage-first heap   total 462848K, used 155956K [0x0000000704a00000, 0x0000000800000000)
  region size 2048K, 1 young (2048K), 1 survivors (2048K)
 Metaspace       used 19766K, committed 20032K, reserved 1073152K
  class space    used 1474K, committed 1600K, reserved 1048576K
}
Event: 27.587 GC heap before
{Heap before GC invocations=101 (full 0):
 garbage-first heap   total 462848K, used 209204K [0x0000000704a00000, 0x0000000800000000)
  region size 2048K, 4 young (8192K), 1 survivors (2048K)
 Metaspace       used 19766K, committed 20032K, reserved 1073152K
  class space    used 1474K, committed 1600K, reserved 1048576K
}
Event: 27.589 GC heap after
{Heap after GC invocations=102 (full 0):
 garbage-first heap   total 462848K, used 143704K [0x0000000704a00000, 0x0000000800000000)
  region size 2048K, 1 young (2048K), 1 survivors (2048K)
 Metaspace       used 19766K, committed 20032K, reserved 1073152K
  class space    used 1474K, committed 1600K, reserved 1048576K
}
Event: 27.753 GC heap before
{Heap before GC invocations=102 (full 0):
 garbage-first heap   total 462848K, used 211288K [0x0000000704a00000, 0x0000000800000000)
  region size 2048K, 5 young (10240K), 1 survivors (2048K)
 Metaspace       used 19766K, committed 20032K, reserved 1073152K
  class space    used 1474K, committed 1600K, reserved 1048576K
}
Event: 27.754 GC heap after
{Heap after GC invocations=103 (full 0):
 garbage-first heap   total 462848K, used 156541K [0x0000000704a00000, 0x0000000800000000)
  region size 2048K, 1 young (2048K), 1 survivors (2048K)
 Metaspace       used 19766K, committed 20032K, reserved 1073152K
  class space    used 1474K, committed 1600K, reserved 1048576K
}
Event: 27.886 GC heap before
{Heap before GC invocations=103 (full 0):
 garbage-first heap   total 462848K, used 209789K [0x0000000704a00000, 0x0000000800000000)
  region size 2048K, 4 young (8192K), 1 survivors (2048K)
 Metaspace       used 19768K, committed 20032K, reserved 1073152K
  class space    used 1474K, committed 1600K, reserved 1048576K
}
Event: 27.887 GC heap after
{Heap after GC invocations=104 (full 0):
 garbage-first heap   total 462848K, used 144284K [0x0000000704a00000, 0x0000000800000000)
  region size 2048K, 1 young (2048K), 1 survivors (2048K)
 Metaspace       used 19768K, committed 20032K, reserved 1073152K
  class space    used 1474K, committed 1600K, reserved 1048576K
}
Event: 28.054 GC heap before
{Heap before GC invocations=104 (full 0):
 garbage-first heap   total 462848K, used 209820K [0x0000000704a00000, 0x0000000800000000)
  region size 2048K, 4 young (8192K), 1 survivors (2048K)
 Metaspace       used 19768K, committed 20032K, reserved 1073152K
  class space    used 1474K, committed 1600K, reserved 1048576K
}
Event: 28.056 GC heap after
{Heap after GC invocations=105 (full 0):
 garbage-first heap   total 462848K, used 156538K [0x0000000704a00000, 0x0000000800000000)
  region size 2048K, 1 young (2048K), 1 survivors (2048K)
 Metaspace       used 19768K, committed 20032K, reserved 1073152K
  class space    used 1474K, committed 1600K, reserved 1048576K
}
Event: 28.188 GC heap before
{Heap before GC invocations=105 (full 0):
 garbage-first heap   total 462848K, used 209786K [0x0000000704a00000, 0x0000000800000000)
  region size 2048K, 4 young (8192K), 1 survivors (2048K)
 Metaspace       used 19768K, committed 20032K, reserved 1073152K
  class space    used 1474K, committed 1600K, reserved 1048576K
}
Event: 28.189 GC heap after
{Heap after GC invocations=106 (full 0):
 garbage-first heap   total 462848K, used 144243K [0x0000000704a00000, 0x0000000800000000)
  region size 2048K, 1 young (2048K), 1 survivors (2048K)
 Metaspace       used 19768K, committed 20032K, reserved 1073152K
  class space    used 1474K, committed 1600K, reserved 1048576K
}
Event: 28.356 GC heap before
{Heap before GC invocations=106 (full 0):
 garbage-first heap   total 462848K, used 209779K [0x0000000704a00000, 0x0000000800000000)
  region size 2048K, 4 young (8192K), 1 survivors (2048K)
 Metaspace       used 19768K, committed 20032K, reserved 1073152K
  class space    used 1474K, committed 1600K, reserved 1048576K
}
Event: 28.357 GC heap after
{Heap after GC invocations=107 (full 0):
 garbage-first heap   total 462848K, used 156542K [0x0000000704a00000, 0x0000000800000000)
  region size 2048K, 1 young (2048K), 1 survivors (2048K)
 Metaspace       used 19768K, committed 20032K, reserved 1073152K
  class space    used 1474K, committed 1600K, reserved 1048576K
}
Event: 28.489 GC heap before
{Heap before GC invocations=107 (full 0):
 garbage-first heap   total 462848K, used 209790K [0x0000000704a00000, 0x0000000800000000)
  region size 2048K, 4 young (8192K), 1 survivors (2048K)
 Metaspace       used 19778K, committed 20032K, reserved 1073152K
  class space    used 1474K, committed 1600K, reserved 1048576K
}
Event: 28.490 GC heap after
{Heap after GC invocations=108 (full 0):
 garbage-first heap   total 462848K, used 144261K [0x0000000704a00000, 0x0000000800000000)
  region size 2048K, 1 young (2048K), 1 survivors (2048K)
 Metaspace       used 19778K, committed 20032K, reserved 1073152K
  class space    used 1474K, committed 1600K, reserved 1048576K
}
Event: 28.655 GC heap before
{Heap before GC invocations=108 (full 0):
 garbage-first heap   total 462848K, used 211845K [0x0000000704a00000, 0x0000000800000000)
  region size 2048K, 5 young (10240K), 1 survivors (2048K)
 Metaspace       used 19781K, committed 20032K, reserved 1073152K
  class space    used 1474K, committed 1600K, reserved 1048576K
}
Event: 28.656 GC heap after
{Heap after GC invocations=109 (full 0):
 garbage-first heap   total 462848K, used 157108K [0x0000000704a00000, 0x0000000800000000)
  region size 2048K, 1 young (2048K), 1 survivors (2048K)
 Metaspace       used 19781K, committed 20032K, reserved 1073152K
  class space    used 1474K, committed 1600K, reserved 1048576K
}

